<?xml version="1.0" encoding="UTF-8"?>
<!-- Generated by org.testng.reporters.JUnitXMLReporter -->
<testsuite hostname="LAPTOP-O3FLDPLU" ignored="0" name="Surefire test" tests="6" failures="4" timestamp="01 Mar 2021 21:37:44 GMT" time="88.985" errors="0">
  <testcase name="runScenario" time="28.239" classname="io.cucumber.testng.AbstractTestNGCucumberTests">
    <failure type="java.lang.AssertionError" message="expected [Add a New Computer] but found [Add a new computer]">
      <![CDATA[java.lang.AssertionError: expected [Add a New Computer] but found [Add a new computer]
at applicationPages.Homepage.verifyAddNewButtonPresentWithText(Homepage.java:43)
at stepdefs.HomePageSteps.i_should_see_a_new_button_called_something(HomePageSteps.java:46)
at ✽.I should see a new button called "Add a New Computer"(file:src/test/resources/features/ComputerGrid/01_New_Computers.feature:13)
... Removed 6 stack frames]]>
    </failure>
  </testcase> <!-- runScenario -->
  <testcase name="runScenario" time="16.723" classname="io.cucumber.testng.AbstractTestNGCucumberTests">
    <failure type="java.lang.AssertionError" message="expected [Add a New Computer] but found [Add a computer]">
      <![CDATA[java.lang.AssertionError: expected [Add a New Computer] but found [Add a computer]
at applicationPages.AddComputerPage.verifyPageTitle(AddComputerPage.java:19)
at stepdefs.AddComputerSteps.the_new_section_should_have_a_heading_of_something(AddComputerSteps.java:27)
at ✽.The new section should have a heading of "Add a New Computer"(file:src/test/resources/features/ComputerGrid/01_New_Computers.feature:20)
... Removed 6 stack frames]]>
    </failure>
  </testcase> <!-- runScenario -->
  <testcase name="runScenario" time="9.279" classname="io.cucumber.testng.AbstractTestNGCucumberTests">
    <failure type="java.lang.AssertionError" message="expected [Computer Name] but found [Computer name]">
      <![CDATA[java.lang.AssertionError: expected [Computer Name] but found [Computer name]
at applicationPages.AddComputerPage.verifyElementPresentAndClickable(AddComputerPage.java:54)
at stepdefs.AddComputerSteps.i_should_see_four_fields_labelledsomething_with_a_type_of_something(AddComputerSteps.java:44)
at ✽.I should see four fields labelled "<fields>" with a type of "<type>"(file:src/test/resources/features/ComputerGrid/01_New_Computers.feature:25)
... Removed 6 stack frames]]>
    </failure>
  </testcase> <!-- runScenario -->
  <testcase name="runScenario" time="11.471" classname="io.cucumber.testng.AbstractTestNGCucumberTests"/>
  <testcase name="runScenario" time="11.166" classname="io.cucumber.testng.AbstractTestNGCucumberTests"/>
  <testcase name="runScenario" time="9.552" classname="io.cucumber.testng.AbstractTestNGCucumberTests">
    <failure type="java.lang.AssertionError" message="expected [Play sample application — Computer database] but found [Computer database]">
      <![CDATA[java.lang.AssertionError: expected [Play sample application — Computer database] but found [Computer database]
at applicationPages.Homepage.verifyPageTitle(Homepage.java:34)
at stepdefs.HomePageSteps.checkPageTitle(HomePageSteps.java:41)
at ✽.I should see a title "Play sample application — Computer database"(file:src/test/resources/features/HomePage/01_HomeScreen.feature:9)
... Removed 6 stack frames]]>
    </failure>
  </testcase> <!-- runScenario -->
</testsuite> <!-- Surefire test -->
