<html>
<head>
<title>TestNG:  Surefire test</title>
<link href="../testng.css" rel="stylesheet" type="text/css" />
<link href="../my-testng.css" rel="stylesheet" type="text/css" />

<style type="text/css">
.log { display: none;} 
.stack-trace { display: none;} 
</style>
<script type="text/javascript">
<!--
function flip(e) {
  current = e.style.display;
  if (current == 'block') {
    e.style.display = 'none';
    return 0;
  }
  else {
    e.style.display = 'block';
    return 1;
  }
}

function toggleBox(szDivId, elem, msg1, msg2)
{
  var res = -1;  if (document.getElementById) {
    res = flip(document.getElementById(szDivId));
  }
  else if (document.all) {
    // this is the way old msie versions work
    res = flip(document.all[szDivId]);
  }
  if(elem) {
    if(res == 0) elem.innerHTML = msg1; else elem.innerHTML = msg2;
  }

}

function toggleAllBoxes() {
  if (document.getElementsByTagName) {
    d = document.getElementsByTagName('div');
    for (i = 0; i < d.length; i++) {
      if (d[i].className == 'log') {
        flip(d[i]);
      }
    }
  }
}

// -->
</script>

</head>
<body>
<h2 align='center'>Surefire test</h2><table border='1' align="center">
<tr>
<td>Tests passed/Failed/Skipped:</td><td>2/4/0</td>
</tr><tr>
<td>Started on:</td><td>Mon Mar 01 21:36:14 GMT 2021</td>
</tr>
<tr><td>Total time:</td><td>88 seconds (88985 ms)</td>
</tr><tr>
<td>Included groups:</td><td></td>
</tr><tr>
<td>Excluded groups:</td><td></td>
</tr>
</table><p/>
<small><i>(Hover the method name to see the test class name)</i></small><p/>
<table width='100%' border='1' class='invocation-failed'>
<tr><td colspan='4' align='center'><b>FAILED TESTS</b></td></tr>
<tr><td><b>Test method</b></td>
<td width="30%"><b>Exception</b></td>
<td width="10%"><b>Time (seconds)</b></td>
<td><b>Instance</b></td>
</tr>
<tr>
<td title='runner.AddComputerRunner.runScenario()'><b>runScenario</b><br>Test class: runner.AddComputerRunner<br>Test method: Runs Cucumber Scenarios<br>Parameters: "There should be a link to the new section that allows users to add computers to the database", "It Should allow users to add new computers to the database for searching at a later date"</td>
<td><div><pre>java.lang.AssertionError: expected [Add a New Computer] but found [Add a new computer]
	at applicationPages.Homepage.verifyAddNewButtonPresentWithText(Homepage.java:43)
	at stepdefs.HomePageSteps.i_should_see_a_new_button_called_something(HomePageSteps.java:46)
	at ?.I should see a new button called &quot;Add a New Computer&quot;(file:src/test/resources/features/ComputerGrid/01_New_Computers.feature:13)
... Removed 6 stack frames</pre></div><a href='#' onClick='toggleBox("stack-trace1600594643", this, "Click to show all stack frames", "Click to hide stack frames")'>Click to show all stack frames</a>
<div class='stack-trace' id='stack-trace1600594643'><pre>java.lang.AssertionError: expected [Add a New Computer] but found [Add a new computer]
	at org.testng.Assert.fail(Assert.java:96)
	at org.testng.Assert.failNotEquals(Assert.java:776)
	at org.testng.Assert.assertEqualsImpl(Assert.java:137)
	at org.testng.Assert.assertEquals(Assert.java:118)
	at org.testng.Assert.assertEquals(Assert.java:453)
	at org.testng.Assert.assertEquals(Assert.java:463)
	at applicationPages.Homepage.verifyAddNewButtonPresentWithText(Homepage.java:43)
	at stepdefs.HomePageSteps.i_should_see_a_new_button_called_something(HomePageSteps.java:46)
	at ?.I should see a new button called &quot;Add a New Computer&quot;(file:src/test/resources/features/ComputerGrid/01_New_Computers.feature:13)
</pre></div></td>
<td>28</td>
<td>runner.AddComputerRunner@1810399e</td></tr>
<tr>
<td title='runner.AddComputerRunner.runScenario()'><b>runScenario</b><br>Test class: runner.AddComputerRunner<br>Test method: Runs Cucumber Scenarios<br>Parameters: "It should be possible to open the new section", "It Should allow users to add new computers to the database for searching at a later date"</td>
<td><div><pre>java.lang.AssertionError: expected [Add a New Computer] but found [Add a computer]
	at applicationPages.AddComputerPage.verifyPageTitle(AddComputerPage.java:19)
	at stepdefs.AddComputerSteps.the_new_section_should_have_a_heading_of_something(AddComputerSteps.java:27)
	at ?.The new section should have a heading of &quot;Add a New Computer&quot;(file:src/test/resources/features/ComputerGrid/01_New_Computers.feature:20)
... Removed 6 stack frames</pre></div><a href='#' onClick='toggleBox("stack-trace1839206329", this, "Click to show all stack frames", "Click to hide stack frames")'>Click to show all stack frames</a>
<div class='stack-trace' id='stack-trace1839206329'><pre>java.lang.AssertionError: expected [Add a New Computer] but found [Add a computer]
	at org.testng.Assert.fail(Assert.java:96)
	at org.testng.Assert.failNotEquals(Assert.java:776)
	at org.testng.Assert.assertEqualsImpl(Assert.java:137)
	at org.testng.Assert.assertEquals(Assert.java:118)
	at org.testng.Assert.assertEquals(Assert.java:453)
	at org.testng.Assert.assertEquals(Assert.java:463)
	at applicationPages.AddComputerPage.verifyPageTitle(AddComputerPage.java:19)
	at stepdefs.AddComputerSteps.the_new_section_should_have_a_heading_of_something(AddComputerSteps.java:27)
	at ?.The new section should have a heading of &quot;Add a New Computer&quot;(file:src/test/resources/features/ComputerGrid/01_New_Computers.feature:20)
</pre></div></td>
<td>16</td>
<td>runner.AddComputerRunner@1810399e</td></tr>
<tr>
<td title='runner.AddComputerRunner.runScenario()'><b>runScenario</b><br>Test class: runner.AddComputerRunner<br>Test method: Runs Cucumber Scenarios<br>Parameters: "It should have four new fields and two buttons in the new section", "It Should allow users to add new computers to the database for searching at a later date"</td>
<td><div><pre>java.lang.AssertionError: expected [Computer Name] but found [Computer name]
	at applicationPages.AddComputerPage.verifyElementPresentAndClickable(AddComputerPage.java:54)
	at stepdefs.AddComputerSteps.i_should_see_four_fields_labelledsomething_with_a_type_of_something(AddComputerSteps.java:44)
	at ?.I should see four fields labelled &quot;&lt;fields&gt;&quot; with a type of &quot;&lt;type&gt;&quot;(file:src/test/resources/features/ComputerGrid/01_New_Computers.feature:25)
... Removed 6 stack frames</pre></div><a href='#' onClick='toggleBox("stack-trace1560379655", this, "Click to show all stack frames", "Click to hide stack frames")'>Click to show all stack frames</a>
<div class='stack-trace' id='stack-trace1560379655'><pre>java.lang.AssertionError: expected [Computer Name] but found [Computer name]
	at org.testng.Assert.fail(Assert.java:96)
	at org.testng.Assert.failNotEquals(Assert.java:776)
	at org.testng.Assert.assertEqualsImpl(Assert.java:137)
	at org.testng.Assert.assertEquals(Assert.java:118)
	at org.testng.Assert.assertEquals(Assert.java:453)
	at org.testng.Assert.assertEquals(Assert.java:463)
	at applicationPages.AddComputerPage.verifyElementPresentAndClickable(AddComputerPage.java:54)
	at stepdefs.AddComputerSteps.i_should_see_four_fields_labelledsomething_with_a_type_of_something(AddComputerSteps.java:44)
	at ?.I should see four fields labelled &quot;&lt;fields&gt;&quot; with a type of &quot;&lt;type&gt;&quot;(file:src/test/resources/features/ComputerGrid/01_New_Computers.feature:25)
</pre></div></td>
<td>9</td>
<td>runner.AddComputerRunner@1810399e</td></tr>
<tr>
<td title='runner.HomePageRunner.runScenario()'><b>runScenario</b><br>Test class: runner.HomePageRunner<br>Test method: Runs Cucumber Scenarios<br>Parameters: "Access the application by opening a browser", "Home Page Verifications"</td>
<td><div><pre>java.lang.AssertionError: expected [Play sample application — Computer database] but found [Computer database]
	at applicationPages.Homepage.verifyPageTitle(Homepage.java:34)
	at stepdefs.HomePageSteps.checkPageTitle(HomePageSteps.java:41)
	at ?.I should see a title &quot;Play sample application — Computer database&quot;(file:src/test/resources/features/HomePage/01_HomeScreen.feature:9)
... Removed 6 stack frames</pre></div><a href='#' onClick='toggleBox("stack-trace246264949", this, "Click to show all stack frames", "Click to hide stack frames")'>Click to show all stack frames</a>
<div class='stack-trace' id='stack-trace246264949'><pre>java.lang.AssertionError: expected [Play sample application — Computer database] but found [Computer database]
	at org.testng.Assert.fail(Assert.java:96)
	at org.testng.Assert.failNotEquals(Assert.java:776)
	at org.testng.Assert.assertEqualsImpl(Assert.java:137)
	at org.testng.Assert.assertEquals(Assert.java:118)
	at org.testng.Assert.assertEquals(Assert.java:453)
	at org.testng.Assert.assertEquals(Assert.java:463)
	at applicationPages.Homepage.verifyPageTitle(Homepage.java:34)
	at stepdefs.HomePageSteps.checkPageTitle(HomePageSteps.java:41)
	at ?.I should see a title &quot;Play sample application — Computer database&quot;(file:src/test/resources/features/HomePage/01_HomeScreen.feature:9)
</pre></div></td>
<td>9</td>
<td>runner.HomePageRunner@32d992b2</td></tr>
</table><p>
<table width='100%' border='1' class='invocation-passed'>
<tr><td colspan='4' align='center'><b>PASSED TESTS</b></td></tr>
<tr><td><b>Test method</b></td>
<td width="30%"><b>Exception</b></td>
<td width="10%"><b>Time (seconds)</b></td>
<td><b>Instance</b></td>
</tr>
<tr>
<td title='runner.AddComputerRunner.runScenario()'><b>runScenario</b><br>Test class: runner.AddComputerRunner<br>Test method: Runs Cucumber Scenarios<br>Parameters: "It should not allow new computers to be added unless all fields are populated", "It Should allow users to add new computers to the database for searching at a later date"</td>
<td></td>
<td>11</td>
<td>runner.AddComputerRunner@1810399e</td></tr>
<tr>
<td title='runner.AddComputerRunner.runScenario()'><b>runScenario</b><br>Test class: runner.AddComputerRunner<br>Test method: Runs Cucumber Scenarios<br>Parameters: "It Should allow me to cancel the operation", "It Should allow users to add new computers to the database for searching at a later date"</td>
<td></td>
<td>11</td>
<td>runner.AddComputerRunner@1810399e</td></tr>
</table><p>
</body>
</html>